[ 2017-06-17T00:01:14+08:00 ] ::1 /oath/
INFO: [ app_init ] --START--
INFO: Run Behavior\BuildLiteBehavior [ RunTime:0.000019s ]
INFO: [ app_init ] --END-- [ RunTime:0.000526s ]
INFO: [ app_begin ] --START--
INFO: Run Behavior\ReadHtmlCacheBehavior [ RunTime:0.000537s ]
INFO: [ app_begin ] --END-- [ RunTime:0.000590s ]
NOTIC: [2] Declaration of Home\Controller\IndexController::show($text) should be compatible with Think\Controller::show($content, $charset = '', $contentType = '', $prefix = '') /Applications/MAMP/htdocs/oath/Application/Home/Controller/IndexController.class.php 第 69 行.
NOTIC: [8] curl_setopt(): CURLOPT_SSL_VERIFYHOST no longer accepts the value 1, value 2 will be used instead /Applications/MAMP/htdocs/oath/Application/Common/Vendor/Wxshare/class.jssdk.php 第 98 行.
NOTIC: [8] Undefined property: stdClass::$access_token /Applications/MAMP/htdocs/oath/Application/Common/Vendor/Wxshare/class.jssdk.php 第 79 行.
NOTIC: [8] curl_setopt(): CURLOPT_SSL_VERIFYHOST no longer accepts the value 1, value 2 will be used instead /Applications/MAMP/htdocs/oath/Application/Common/Vendor/Wxshare/class.jssdk.php 第 98 行.
NOTIC: [8] Undefined property: stdClass::$ticket /Applications/MAMP/htdocs/oath/Application/Common/Vendor/Wxshare/class.jssdk.php 第 58 行.
INFO: [ view_parse ] --START--
INFO: [ template_filter ] --START--
INFO: Run Behavior\ContentReplaceBehavior [ RunTime:0.000074s ]
INFO: [ template_filter ] --END-- [ RunTime:0.000121s ]
NOTIC: [8] Undefined index:  /Applications/MAMP/htdocs/oath/Application/Runtime/Cache/Home/2a94b8bda04ff446dcedd42276fc99ee.php 第 40 行.
INFO: Run Behavior\ParseTemplateBehavior [ RunTime:0.007271s ]
INFO: [ view_parse ] --END-- [ RunTime:0.007326s ]
INFO: [ view_filter ] --START--
INFO: Run Behavior\WriteHtmlCacheBehavior [ RunTime:0.000143s ]
INFO: [ view_filter ] --END-- [ RunTime:0.000172s ]
NOTIC: [2] Cannot modify header information - headers already sent by (output started at /Applications/MAMP/htdocs/oath/Application/Home/Controller/IndexController.class.php:13) /Applications/MAMP/htdocs/oath/ThinkPHP/Library/Think/View.class.php 第 91 行.
NOTIC: [2] Cannot modify header information - headers already sent by (output started at /Applications/MAMP/htdocs/oath/Application/Home/Controller/IndexController.class.php:13) /Applications/MAMP/htdocs/oath/ThinkPHP/Library/Think/View.class.php 第 92 行.
NOTIC: [2] Cannot modify header information - headers already sent by (output started at /Applications/MAMP/htdocs/oath/Application/Home/Controller/IndexController.class.php:13) /Applications/MAMP/htdocs/oath/ThinkPHP/Library/Think/View.class.php 第 93 行.
NOTIC: [2] imagedestroy() expects parameter 1 to be resource, null given /Applications/MAMP/htdocs/oath/Application/Home/Controller/IndexController.class.php 第 59 行.
INFO: [ app_end ] --START--
INFO: Run Behavior\ShowPageTraceBehavior [ RunTime:0.002095s ]
INFO: [ app_end ] --END-- [ RunTime:0.002152s ]

[ 2017-06-17T00:03:38+08:00 ] ::1 /oath/
INFO: [ app_init ] --START--
INFO: Run Behavior\BuildLiteBehavior [ RunTime:0.000012s ]
INFO: [ app_init ] --END-- [ RunTime:0.000313s ]
INFO: [ app_begin ] --START--
INFO: Run Behavior\ReadHtmlCacheBehavior [ RunTime:0.000531s ]
INFO: [ app_begin ] --END-- [ RunTime:0.000581s ]
NOTIC: [2] Declaration of Home\Controller\IndexController::show($text) should be compatible with Think\Controller::show($content, $charset = '', $contentType = '', $prefix = '') /Applications/MAMP/htdocs/oath/Application/Home/Controller/IndexController.class.php 第 69 行.
NOTIC: [8] Use of undefined constant wx07b5bba626c00d2c - assumed 'wx07b5bba626c00d2c' /Applications/MAMP/htdocs/oath/Application/Common/Vendor/Wxshare/class.jssdk.php 第 8 行.
NOTIC: [8] Use of undefined constant e84cd4350364af5c29fb47d3113258bb - assumed 'e84cd4350364af5c29fb47d3113258bb' /Applications/MAMP/htdocs/oath/Application/Common/Vendor/Wxshare/class.jssdk.php 第 9 行.
NOTIC: [8] curl_setopt(): CURLOPT_SSL_VERIFYHOST no longer accepts the value 1, value 2 will be used instead /Applications/MAMP/htdocs/oath/Application/Common/Vendor/Wxshare/class.jssdk.php 第 98 行.
NOTIC: [8] curl_setopt(): CURLOPT_SSL_VERIFYHOST no longer accepts the value 1, value 2 will be used instead /Applications/MAMP/htdocs/oath/Application/Common/Vendor/Wxshare/class.jssdk.php 第 98 行.
INFO: [ view_parse ] --START--
INFO: [ template_filter ] --START--
INFO: Run Behavior\ContentReplaceBehavior [ RunTime:0.000100s ]
INFO: [ template_filter ] --END-- [ RunTime:0.000170s ]
NOTIC: [8] Undefined index:  /Applications/MAMP/htdocs/oath/Application/Runtime/Cache/Home/2a94b8bda04ff446dcedd42276fc99ee.php 第 40 行.
INFO: Run Behavior\ParseTemplateBehavior [ RunTime:0.011308s ]
INFO: [ view_parse ] --END-- [ RunTime:0.011372s ]
INFO: [ view_filter ] --START--
INFO: Run Behavior\WriteHtmlCacheBehavior [ RunTime:0.000176s ]
INFO: [ view_filter ] --END-- [ RunTime:0.000209s ]
NOTIC: [2] Cannot modify header information - headers already sent by (output started at /Applications/MAMP/htdocs/oath/Application/Home/Controller/IndexController.class.php:13) /Applications/MAMP/htdocs/oath/ThinkPHP/Library/Think/View.class.php 第 91 行.
NOTIC: [2] Cannot modify header information - headers already sent by (output started at /Applications/MAMP/htdocs/oath/Application/Home/Controller/IndexController.class.php:13) /Applications/MAMP/htdocs/oath/ThinkPHP/Library/Think/View.class.php 第 92 行.
NOTIC: [2] Cannot modify header information - headers already sent by (output started at /Applications/MAMP/htdocs/oath/Application/Home/Controller/IndexController.class.php:13) /Applications/MAMP/htdocs/oath/ThinkPHP/Library/Think/View.class.php 第 93 行.
NOTIC: [2] imagedestroy() expects parameter 1 to be resource, null given /Applications/MAMP/htdocs/oath/Application/Home/Controller/IndexController.class.php 第 59 行.
INFO: [ app_end ] --START--
INFO: Run Behavior\ShowPageTraceBehavior [ RunTime:0.000517s ]
INFO: [ app_end ] --END-- [ RunTime:0.000556s ]

[ 2017-06-17T00:04:15+08:00 ] ::1 /oath/
INFO: [ app_init ] --START--
INFO: Run Behavior\BuildLiteBehavior [ RunTime:0.000013s ]
INFO: [ app_init ] --END-- [ RunTime:0.000404s ]
INFO: [ app_begin ] --START--
INFO: Run Behavior\ReadHtmlCacheBehavior [ RunTime:0.000406s ]
INFO: [ app_begin ] --END-- [ RunTime:0.000446s ]
NOTIC: [2] Declaration of Home\Controller\IndexController::show($text) should be compatible with Think\Controller::show($content, $charset = '', $contentType = '', $prefix = '') /Applications/MAMP/htdocs/oath/Application/Home/Controller/IndexController.class.php 第 69 行.
NOTIC: [8] Use of undefined constant wx07b5bba626c00d2c - assumed 'wx07b5bba626c00d2c' /Applications/MAMP/htdocs/oath/Application/Common/Vendor/Wxshare/class.jssdk.php 第 8 行.
NOTIC: [8] Use of undefined constant e84cd4350364af5c29fb47d3113258bb - assumed 'e84cd4350364af5c29fb47d3113258bb' /Applications/MAMP/htdocs/oath/Application/Common/Vendor/Wxshare/class.jssdk.php 第 9 行.
INFO: [ view_parse ] --START--
INFO: [ template_filter ] --START--
INFO: Run Behavior\ContentReplaceBehavior [ RunTime:0.000075s ]
INFO: [ template_filter ] --END-- [ RunTime:0.000122s ]
INFO: Run Behavior\ParseTemplateBehavior [ RunTime:0.011404s ]
INFO: [ view_parse ] --END-- [ RunTime:0.011454s ]
INFO: [ view_filter ] --START--
INFO: Run Behavior\WriteHtmlCacheBehavior [ RunTime:0.000154s ]
INFO: [ view_filter ] --END-- [ RunTime:0.000185s ]
NOTIC: [2] Cannot modify header information - headers already sent by (output started at /Applications/MAMP/htdocs/oath/Application/Home/Controller/IndexController.class.php:13) /Applications/MAMP/htdocs/oath/ThinkPHP/Library/Think/View.class.php 第 91 行.
NOTIC: [2] Cannot modify header information - headers already sent by (output started at /Applications/MAMP/htdocs/oath/Application/Home/Controller/IndexController.class.php:13) /Applications/MAMP/htdocs/oath/ThinkPHP/Library/Think/View.class.php 第 92 行.
NOTIC: [2] Cannot modify header information - headers already sent by (output started at /Applications/MAMP/htdocs/oath/Application/Home/Controller/IndexController.class.php:13) /Applications/MAMP/htdocs/oath/ThinkPHP/Library/Think/View.class.php 第 93 行.
NOTIC: [2] imagedestroy() expects parameter 1 to be resource, null given /Applications/MAMP/htdocs/oath/Application/Home/Controller/IndexController.class.php 第 59 行.
INFO: [ app_end ] --START--
INFO: Run Behavior\ShowPageTraceBehavior [ RunTime:0.002211s ]
INFO: [ app_end ] --END-- [ RunTime:0.002281s ]

[ 2017-06-17T00:05:43+08:00 ] ::1 /oath/
INFO: [ app_init ] --START--
INFO: Run Behavior\BuildLiteBehavior [ RunTime:0.000017s ]
INFO: [ app_init ] --END-- [ RunTime:0.000616s ]
INFO: [ app_begin ] --START--
INFO: Run Behavior\ReadHtmlCacheBehavior [ RunTime:0.000411s ]
INFO: [ app_begin ] --END-- [ RunTime:0.000451s ]
NOTIC: [2] Declaration of Home\Controller\IndexController::show($text) should be compatible with Think\Controller::show($content, $charset = '', $contentType = '', $prefix = '') /Applications/MAMP/htdocs/oath/Application/Home/Controller/IndexController.class.php 第 69 行.
NOTIC: [8] Use of undefined constant wx07b5bba626c00d2c - assumed 'wx07b5bba626c00d2c' /Applications/MAMP/htdocs/oath/Application/Common/Vendor/Wxshare/class.jssdk.php 第 8 行.
NOTIC: [8] Use of undefined constant e84cd4350364af5c29fb47d3113258bb - assumed 'e84cd4350364af5c29fb47d3113258bb' /Applications/MAMP/htdocs/oath/Application/Common/Vendor/Wxshare/class.jssdk.php 第 9 行.
INFO: [ view_parse ] --START--
INFO: [ template_filter ] --START--
INFO: Run Behavior\ContentReplaceBehavior [ RunTime:0.000082s ]
INFO: [ template_filter ] --END-- [ RunTime:0.000135s ]
INFO: Run Behavior\ParseTemplateBehavior [ RunTime:0.006695s ]
INFO: [ view_parse ] --END-- [ RunTime:0.006744s ]
INFO: [ view_filter ] --START--
INFO: Run Behavior\WriteHtmlCacheBehavior [ RunTime:0.000187s ]
INFO: [ view_filter ] --END-- [ RunTime:0.000222s ]
NOTIC: [2] Cannot modify header information - headers already sent by (output started at /Applications/MAMP/htdocs/oath/Application/Home/Controller/IndexController.class.php:13) /Applications/MAMP/htdocs/oath/ThinkPHP/Library/Think/View.class.php 第 91 行.
NOTIC: [2] Cannot modify header information - headers already sent by (output started at /Applications/MAMP/htdocs/oath/Application/Home/Controller/IndexController.class.php:13) /Applications/MAMP/htdocs/oath/ThinkPHP/Library/Think/View.class.php 第 92 行.
NOTIC: [2] Cannot modify header information - headers already sent by (output started at /Applications/MAMP/htdocs/oath/Application/Home/Controller/IndexController.class.php:13) /Applications/MAMP/htdocs/oath/ThinkPHP/Library/Think/View.class.php 第 93 行.
NOTIC: [2] imagedestroy() expects parameter 1 to be resource, null given /Applications/MAMP/htdocs/oath/Application/Home/Controller/IndexController.class.php 第 59 行.
INFO: [ app_end ] --START--
INFO: Run Behavior\ShowPageTraceBehavior [ RunTime:0.000742s ]
INFO: [ app_end ] --END-- [ RunTime:0.000814s ]

[ 2017-06-17T00:12:37+08:00 ] ::1 /oath/
INFO: [ app_init ] --START--
INFO: Run Behavior\BuildLiteBehavior [ RunTime:0.000017s ]
INFO: [ app_init ] --END-- [ RunTime:0.000408s ]
INFO: [ app_begin ] --START--
INFO: Run Behavior\ReadHtmlCacheBehavior [ RunTime:0.000536s ]
INFO: [ app_begin ] --END-- [ RunTime:0.000579s ]
NOTIC: [2] Declaration of Home\Controller\IndexController::show($text) should be compatible with Think\Controller::show($content, $charset = '', $contentType = '', $prefix = '') /Applications/MAMP/htdocs/oath/Application/Home/Controller/IndexController.class.php 第 68 行.
NOTIC: [8] Use of undefined constant wx07b5bba626c00d2c - assumed 'wx07b5bba626c00d2c' /Applications/MAMP/htdocs/oath/Application/Common/Vendor/Wxshare/class.jssdk.php 第 8 行.
NOTIC: [8] Use of undefined constant e84cd4350364af5c29fb47d3113258bb - assumed 'e84cd4350364af5c29fb47d3113258bb' /Applications/MAMP/htdocs/oath/Application/Common/Vendor/Wxshare/class.jssdk.php 第 9 行.
INFO: [ view_parse ] --START--
INFO: [ template_filter ] --START--
INFO: Run Behavior\ContentReplaceBehavior [ RunTime:0.000152s ]
INFO: [ template_filter ] --END-- [ RunTime:0.000254s ]
INFO: Run Behavior\ParseTemplateBehavior [ RunTime:0.024945s ]
INFO: [ view_parse ] --END-- [ RunTime:0.025042s ]
INFO: [ view_filter ] --START--
INFO: Run Behavior\WriteHtmlCacheBehavior [ RunTime:0.000678s ]
INFO: [ view_filter ] --END-- [ RunTime:0.000810s ]
NOTIC: [2] imagedestroy() expects parameter 1 to be resource, null given /Applications/MAMP/htdocs/oath/Application/Home/Controller/IndexController.class.php 第 58 行.
INFO: [ app_end ] --START--
INFO: Run Behavior\ShowPageTraceBehavior [ RunTime:0.001051s ]
INFO: [ app_end ] --END-- [ RunTime:0.001137s ]

[ 2017-06-17T00:12:44+08:00 ] ::1 /oath/
INFO: [ app_init ] --START--
INFO: Run Behavior\BuildLiteBehavior [ RunTime:0.000015s ]
INFO: [ app_init ] --END-- [ RunTime:0.000336s ]
INFO: [ app_begin ] --START--
INFO: Run Behavior\ReadHtmlCacheBehavior [ RunTime:0.000408s ]
INFO: [ app_begin ] --END-- [ RunTime:0.000446s ]
NOTIC: [2] Declaration of Home\Controller\IndexController::show($text) should be compatible with Think\Controller::show($content, $charset = '', $contentType = '', $prefix = '') /Applications/MAMP/htdocs/oath/Application/Home/Controller/IndexController.class.php 第 68 行.
NOTIC: [8] Use of undefined constant wx07b5bba626c00d2c - assumed 'wx07b5bba626c00d2c' /Applications/MAMP/htdocs/oath/Application/Common/Vendor/Wxshare/class.jssdk.php 第 8 行.
NOTIC: [8] Use of undefined constant e84cd4350364af5c29fb47d3113258bb - assumed 'e84cd4350364af5c29fb47d3113258bb' /Applications/MAMP/htdocs/oath/Application/Common/Vendor/Wxshare/class.jssdk.php 第 9 行.
INFO: [ view_parse ] --START--
INFO: [ template_filter ] --START--
INFO: Run Behavior\ContentReplaceBehavior [ RunTime:0.000081s ]
INFO: [ template_filter ] --END-- [ RunTime:0.000135s ]
INFO: Run Behavior\ParseTemplateBehavior [ RunTime:0.009900s ]
INFO: [ view_parse ] --END-- [ RunTime:0.009948s ]
INFO: [ view_filter ] --START--
INFO: Run Behavior\WriteHtmlCacheBehavior [ RunTime:0.000173s ]
INFO: [ view_filter ] --END-- [ RunTime:0.000208s ]
NOTIC: [2] imagedestroy() expects parameter 1 to be resource, null given /Applications/MAMP/htdocs/oath/Application/Home/Controller/IndexController.class.php 第 58 行.
INFO: [ app_end ] --START--
INFO: Run Behavior\ShowPageTraceBehavior [ RunTime:0.000688s ]
INFO: [ app_end ] --END-- [ RunTime:0.000747s ]

[ 2017-06-17T00:12:52+08:00 ] ::1 /oath/index.php?s=/Home/index/test.html
INFO: [ app_init ] --START--
INFO: Run Behavior\BuildLiteBehavior [ RunTime:0.000026s ]
INFO: [ app_init ] --END-- [ RunTime:0.000687s ]
INFO: [ app_begin ] --START--
INFO: Run Behavior\ReadHtmlCacheBehavior [ RunTime:0.000576s ]
INFO: [ app_begin ] --END-- [ RunTime:0.000642s ]
NOTIC: [2] Declaration of Home\Controller\IndexController::show($text) should be compatible with Think\Controller::show($content, $charset = '', $contentType = '', $prefix = '') /Applications/MAMP/htdocs/oath/Application/Home/Controller/IndexController.class.php 第 68 行.
NOTIC: [8] Use of undefined constant wx07b5bba626c00d2c - assumed 'wx07b5bba626c00d2c' /Applications/MAMP/htdocs/oath/Application/Common/Vendor/Wxshare/class.jssdk.php 第 8 行.
NOTIC: [8] Use of undefined constant e84cd4350364af5c29fb47d3113258bb - assumed 'e84cd4350364af5c29fb47d3113258bb' /Applications/MAMP/htdocs/oath/Application/Common/Vendor/Wxshare/class.jssdk.php 第 9 行.
INFO: [ view_parse ] --START--
INFO: [ template_filter ] --START--
INFO: Run Behavior\ContentReplaceBehavior [ RunTime:0.000075s ]
INFO: [ template_filter ] --END-- [ RunTime:0.000122s ]
INFO: Run Behavior\ParseTemplateBehavior [ RunTime:0.006579s ]
INFO: [ view_parse ] --END-- [ RunTime:0.006643s ]
INFO: [ view_filter ] --START--
INFO: Run Behavior\WriteHtmlCacheBehavior [ RunTime:0.010310s ]
INFO: [ view_filter ] --END-- [ RunTime:0.010383s ]
INFO: [ app_end ] --START--
INFO: Run Behavior\ShowPageTraceBehavior [ RunTime:0.000598s ]
INFO: [ app_end ] --END-- [ RunTime:0.000652s ]

[ 2017-06-17T00:13:19+08:00 ] ::1 /oath/
INFO: [ app_init ] --START--
INFO: Run Behavior\BuildLiteBehavior [ RunTime:0.000012s ]
INFO: [ app_init ] --END-- [ RunTime:0.000306s ]
INFO: [ app_begin ] --START--
INFO: Run Behavior\ReadHtmlCacheBehavior [ RunTime:0.000392s ]
INFO: [ app_begin ] --END-- [ RunTime:0.000432s ]
NOTIC: [2] Declaration of Home\Controller\IndexController::show($text) should be compatible with Think\Controller::show($content, $charset = '', $contentType = '', $prefix = '') /Applications/MAMP/htdocs/oath/Application/Home/Controller/IndexController.class.php 第 68 行.
NOTIC: [8] Use of undefined constant wx07b5bba626c00d2c - assumed 'wx07b5bba626c00d2c' /Applications/MAMP/htdocs/oath/Application/Common/Vendor/Wxshare/class.jssdk.php 第 8 行.
NOTIC: [8] Use of undefined constant e84cd4350364af5c29fb47d3113258bb - assumed 'e84cd4350364af5c29fb47d3113258bb' /Applications/MAMP/htdocs/oath/Application/Common/Vendor/Wxshare/class.jssdk.php 第 9 行.
INFO: [ view_parse ] --START--
INFO: [ template_filter ] --START--
INFO: Run Behavior\ContentReplaceBehavior [ RunTime:0.000080s ]
INFO: [ template_filter ] --END-- [ RunTime:0.000133s ]
INFO: Run Behavior\ParseTemplateBehavior [ RunTime:0.011309s ]
INFO: [ view_parse ] --END-- [ RunTime:0.011592s ]
INFO: [ view_filter ] --START--
INFO: Run Behavior\WriteHtmlCacheBehavior [ RunTime:0.000190s ]
INFO: [ view_filter ] --END-- [ RunTime:0.000227s ]
NOTIC: [2] imagedestroy() expects parameter 1 to be resource, null given /Applications/MAMP/htdocs/oath/Application/Home/Controller/IndexController.class.php 第 58 行.
INFO: [ app_end ] --START--
INFO: Run Behavior\ShowPageTraceBehavior [ RunTime:0.000503s ]
INFO: [ app_end ] --END-- [ RunTime:0.000538s ]

